::1 - - [12/Oct/2018:09:12:40 +0000] "GET /sockjs-node/info?t=1539335560194 HTTP/1.1" 200 862 "http://localhost:8081/" "Mozilla/5.0 (iPhone; CPU iPhone OS 10_3_1 like Mac OS X) AppleWebKit/603.1.30 (KHTML, like Gecko) Version/10.0 Mobile/14E304 Safari/602.1"
::1 - - [12/Oct/2018:09:12:41 +0000] "POST /sockjs-node/066/z2rprsqb/xhr_streaming?t=1539335561289 HTTP/1.1" 404 178 "http://localhost:8081/" "Mozilla/5.0 (iPhone; CPU iPhone OS 10_3_1 like Mac OS X) AppleWebKit/603.1.30 (KHTML, like Gecko) Version/10.0 Mobile/14E304 Safari/602.1"
::1 - - [12/Oct/2018:09:12:41 +0000] "GET /sockjs-node/iframe.html HTTP/1.1" 200 862 "http://localhost:8081/" "Mozilla/5.0 (iPhone; CPU iPhone OS 10_3_1 like Mac OS X) AppleWebKit/603.1.30 (KHTML, like Gecko) Version/10.0 Mobile/14E304 Safari/602.1"
::1 - - [12/Oct/2018:09:12:41 +0000] "GET /sockjs-node/config/common.css HTTP/1.1" 200 862 "http://localhost:8081/sockjs-node/iframe.html" "Mozilla/5.0 (iPhone; CPU iPhone OS 10_3_1 like Mac OS X) AppleWebKit/603.1.30 (KHTML, like Gecko) Version/10.0 Mobile/14E304 Safari/602.1"
::1 - - [12/Oct/2018:09:12:41 +0000] "GET /sockjs-node/utils/font_size.js HTTP/1.1" 200 862 "http://localhost:8081/sockjs-node/iframe.html" "Mozilla/5.0 (iPhone; CPU iPhone OS 10_3_1 like Mac OS X) AppleWebKit/603.1.30 (KHTML, like Gecko) Version/10.0 Mobile/14E304 Safari/602.1"
::1 - - [12/Oct/2018:09:12:41 +0000] "GET /sockjs-node/js/bundle.js HTTP/1.1" 200 862 "http://localhost:8081/sockjs-node/iframe.html" "Mozilla/5.0 (iPhone; CPU iPhone OS 10_3_1 like Mac OS X) AppleWebKit/603.1.30 (KHTML, like Gecko) Version/10.0 Mobile/14E304 Safari/602.1"
::1 - - [12/Oct/2018:09:12:42 +0000] "GET /sockjs-node/066/iut0spik/htmlfile?c=_jp.a1kdbdl HTTP/1.1" 200 862 "http://localhost:8081/" "Mozilla/5.0 (iPhone; CPU iPhone OS 10_3_1 like Mac OS X) AppleWebKit/603.1.30 (KHTML, like Gecko) Version/10.0 Mobile/14E304 Safari/602.1"
::1 - - [12/Oct/2018:09:12:42 +0000] "GET /sockjs-node/iframe.html HTTP/1.1" 304 - "http://localhost:8081/" "Mozilla/5.0 (iPhone; CPU iPhone OS 10_3_1 like Mac OS X) AppleWebKit/603.1.30 (KHTML, like Gecko) Version/10.0 Mobile/14E304 Safari/602.1"
::1 - - [12/Oct/2018:09:12:42 +0000] "GET /sockjs-node/066/iut0spik/config/common.css HTTP/1.1" 200 862 "http://localhost:8081/sockjs-node/066/iut0spik/htmlfile?c=_jp.a1kdbdl" "Mozilla/5.0 (iPhone; CPU iPhone OS 10_3_1 like Mac OS X) AppleWebKit/603.1.30 (KHTML, like Gecko) Version/10.0 Mobile/14E304 Safari/602.1"
::1 - - [12/Oct/2018:09:12:42 +0000] "GET /sockjs-node/066/iut0spik/utils/font_size.js HTTP/1.1" 200 862 "http://localhost:8081/sockjs-node/066/iut0spik/htmlfile?c=_jp.a1kdbdl" "Mozilla/5.0 (iPhone; CPU iPhone OS 10_3_1 like Mac OS X) AppleWebKit/603.1.30 (KHTML, like Gecko) Version/10.0 Mobile/14E304 Safari/602.1"
::1 - - [12/Oct/2018:09:12:42 +0000] "GET /sockjs-node/066/iut0spik/js/bundle.js HTTP/1.1" 200 862 "http://localhost:8081/sockjs-node/066/iut0spik/htmlfile?c=_jp.a1kdbdl" "Mozilla/5.0 (iPhone; CPU iPhone OS 10_3_1 like Mac OS X) AppleWebKit/603.1.30 (KHTML, like Gecko) Version/10.0 Mobile/14E304 Safari/602.1"
::1 - - [12/Oct/2018:09:12:42 +0000] "GET /sockjs-node/config/common.css HTTP/1.1" 304 - "http://localhost:8081/sockjs-node/iframe.html" "Mozilla/5.0 (iPhone; CPU iPhone OS 10_3_1 like Mac OS X) AppleWebKit/603.1.30 (KHTML, like Gecko) Version/10.0 Mobile/14E304 Safari/602.1"
::1 - - [12/Oct/2018:09:12:42 +0000] "GET /sockjs-node/utils/font_size.js HTTP/1.1" 304 - "http://localhost:8081/sockjs-node/iframe.html" "Mozilla/5.0 (iPhone; CPU iPhone OS 10_3_1 like Mac OS X) AppleWebKit/603.1.30 (KHTML, like Gecko) Version/10.0 Mobile/14E304 Safari/602.1"
::1 - - [12/Oct/2018:09:12:42 +0000] "GET /sockjs-node/js/bundle.js HTTP/1.1" 304 - "http://localhost:8081/sockjs-node/iframe.html" "Mozilla/5.0 (iPhone; CPU iPhone OS 10_3_1 like Mac OS X) AppleWebKit/603.1.30 (KHTML, like Gecko) Version/10.0 Mobile/14E304 Safari/602.1"
::1 - - [12/Oct/2018:09:12:43 +0000] "GET /sockjs-node/iframe.html HTTP/1.1" 304 - "http://localhost:8081/" "Mozilla/5.0 (iPhone; CPU iPhone OS 10_3_1 like Mac OS X) AppleWebKit/603.1.30 (KHTML, like Gecko) Version/10.0 Mobile/14E304 Safari/602.1"
::1 - - [12/Oct/2018:09:12:43 +0000] "GET /sockjs-node/config/common.css HTTP/1.1" 304 - "http://localhost:8081/sockjs-node/iframe.html" "Mozilla/5.0 (iPhone; CPU iPhone OS 10_3_1 like Mac OS X) AppleWebKit/603.1.30 (KHTML, like Gecko) Version/10.0 Mobile/14E304 Safari/602.1"
::1 - - [12/Oct/2018:09:12:43 +0000] "GET /sockjs-node/utils/font_size.js HTTP/1.1" 304 - "http://localhost:8081/sockjs-node/iframe.html" "Mozilla/5.0 (iPhone; CPU iPhone OS 10_3_1 like Mac OS X) AppleWebKit/603.1.30 (KHTML, like Gecko) Version/10.0 Mobile/14E304 Safari/602.1"
::1 - - [12/Oct/2018:09:12:43 +0000] "GET /sockjs-node/js/bundle.js HTTP/1.1" 304 - "http://localhost:8081/sockjs-node/iframe.html" "Mozilla/5.0 (iPhone; CPU iPhone OS 10_3_1 like Mac OS X) AppleWebKit/603.1.30 (KHTML, like Gecko) Version/10.0 Mobile/14E304 Safari/602.1"
::1 - - [12/Oct/2018:09:12:44 +0000] "POST /sockjs-node/066/1gqe3f0k/xhr?t=1539335564303 HTTP/1.1" 404 168 "http://localhost:8081/" "Mozilla/5.0 (iPhone; CPU iPhone OS 10_3_1 like Mac OS X) AppleWebKit/603.1.30 (KHTML, like Gecko) Version/10.0 Mobile/14E304 Safari/602.1"
::1 - - [12/Oct/2018:09:12:44 +0000] "GET /sockjs-node/066/rmlvng0v/jsonp?c=_jp.adslg2p HTTP/1.1" 200 862 "http://localhost:8081/" "Mozilla/5.0 (iPhone; CPU iPhone OS 10_3_1 like Mac OS X) AppleWebKit/603.1.30 (KHTML, like Gecko) Version/10.0 Mobile/14E304 Safari/602.1"
::1 - - [12/Oct/2018:09:13:04 +0000] "GET /sockjs-node/info?t=1539335584191 HTTP/1.1" 200 862 "http://localhost:8081/" "Mozilla/5.0 (iPhone; CPU iPhone OS 10_3_1 like Mac OS X) AppleWebKit/603.1.30 (KHTML, like Gecko) Version/10.0 Mobile/14E304 Safari/602.1"
::1 - - [12/Oct/2018:09:13:05 +0000] "POST /sockjs-node/200/0opxvhu3/xhr_streaming?t=1539335585191 HTTP/1.1" 404 178 "http://localhost:8081/" "Mozilla/5.0 (iPhone; CPU iPhone OS 10_3_1 like Mac OS X) AppleWebKit/603.1.30 (KHTML, like Gecko) Version/10.0 Mobile/14E304 Safari/602.1"
::1 - - [12/Oct/2018:09:13:05 +0000] "GET /sockjs-node/200/u0lvtkup/eventsource HTTP/1.1" 200 862 "http://localhost:8081/" "Mozilla/5.0 (iPhone; CPU iPhone OS 10_3_1 like Mac OS X) AppleWebKit/603.1.30 (KHTML, like Gecko) Version/10.0 Mobile/14E304 Safari/602.1"
::1 - - [12/Oct/2018:09:13:06 +0000] "GET /sockjs-node/iframe.html HTTP/1.1" 304 - "http://localhost:8081/" "Mozilla/5.0 (iPhone; CPU iPhone OS 10_3_1 like Mac OS X) AppleWebKit/603.1.30 (KHTML, like Gecko) Version/10.0 Mobile/14E304 Safari/602.1"
::1 - - [12/Oct/2018:09:13:06 +0000] "GET /sockjs-node/config/common.css HTTP/1.1" 304 - "http://localhost:8081/sockjs-node/iframe.html" "Mozilla/5.0 (iPhone; CPU iPhone OS 10_3_1 like Mac OS X) AppleWebKit/603.1.30 (KHTML, like Gecko) Version/10.0 Mobile/14E304 Safari/602.1"
::1 - - [12/Oct/2018:09:13:06 +0000] "GET /sockjs-node/utils/font_size.js HTTP/1.1" 304 - "http://localhost:8081/sockjs-node/iframe.html" "Mozilla/5.0 (iPhone; CPU iPhone OS 10_3_1 like Mac OS X) AppleWebKit/603.1.30 (KHTML, like Gecko) Version/10.0 Mobile/14E304 Safari/602.1"
::1 - - [12/Oct/2018:09:13:06 +0000] "GET /sockjs-node/js/bundle.js HTTP/1.1" 304 - "http://localhost:8081/sockjs-node/iframe.html" "Mozilla/5.0 (iPhone; CPU iPhone OS 10_3_1 like Mac OS X) AppleWebKit/603.1.30 (KHTML, like Gecko) Version/10.0 Mobile/14E304 Safari/602.1"
::1 - - [12/Oct/2018:09:13:09 +0000] "GET /sockjs-node/200/r3fois03/htmlfile?c=_jp.aylejd5 HTTP/1.1" 200 862 "http://localhost:8081/" "Mozilla/5.0 (iPhone; CPU iPhone OS 10_3_1 like Mac OS X) AppleWebKit/603.1.30 (KHTML, like Gecko) Version/10.0 Mobile/14E304 Safari/602.1"
::1 - - [12/Oct/2018:09:13:09 +0000] "GET /sockjs-node/200/r3fois03/config/common.css HTTP/1.1" 200 862 "http://localhost:8081/sockjs-node/200/r3fois03/htmlfile?c=_jp.aylejd5" "Mozilla/5.0 (iPhone; CPU iPhone OS 10_3_1 like Mac OS X) AppleWebKit/603.1.30 (KHTML, like Gecko) Version/10.0 Mobile/14E304 Safari/602.1"
::1 - - [12/Oct/2018:09:13:09 +0000] "GET /sockjs-node/200/r3fois03/utils/font_size.js HTTP/1.1" 200 862 "http://localhost:8081/sockjs-node/200/r3fois03/htmlfile?c=_jp.aylejd5" "Mozilla/5.0 (iPhone; CPU iPhone OS 10_3_1 like Mac OS X) AppleWebKit/603.1.30 (KHTML, like Gecko) Version/10.0 Mobile/14E304 Safari/602.1"
::1 - - [12/Oct/2018:09:13:09 +0000] "GET /sockjs-node/200/r3fois03/js/bundle.js HTTP/1.1" 200 862 "http://localhost:8081/sockjs-node/200/r3fois03/htmlfile?c=_jp.aylejd5" "Mozilla/5.0 (iPhone; CPU iPhone OS 10_3_1 like Mac OS X) AppleWebKit/603.1.30 (KHTML, like Gecko) Version/10.0 Mobile/14E304 Safari/602.1"
::1 - - [12/Oct/2018:09:13:12 +0000] "GET /sockjs-node/iframe.html HTTP/1.1" 304 - "http://localhost:8081/" "Mozilla/5.0 (iPhone; CPU iPhone OS 10_3_1 like Mac OS X) AppleWebKit/603.1.30 (KHTML, like Gecko) Version/10.0 Mobile/14E304 Safari/602.1"
::1 - - [12/Oct/2018:09:13:12 +0000] "GET /sockjs-node/iframe.html HTTP/1.1" 304 - "http://localhost:8081/" "Mozilla/5.0 (iPhone; CPU iPhone OS 10_3_1 like Mac OS X) AppleWebKit/603.1.30 (KHTML, like Gecko) Version/10.0 Mobile/14E304 Safari/602.1"
::1 - - [12/Oct/2018:09:13:12 +0000] "GET /sockjs-node/config/common.css HTTP/1.1" 304 - "http://localhost:8081/sockjs-node/iframe.html" "Mozilla/5.0 (iPhone; CPU iPhone OS 10_3_1 like Mac OS X) AppleWebKit/603.1.30 (KHTML, like Gecko) Version/10.0 Mobile/14E304 Safari/602.1"
::1 - - [12/Oct/2018:09:13:12 +0000] "GET /sockjs-node/utils/font_size.js HTTP/1.1" 304 - "http://localhost:8081/sockjs-node/iframe.html" "Mozilla/5.0 (iPhone; CPU iPhone OS 10_3_1 like Mac OS X) AppleWebKit/603.1.30 (KHTML, like Gecko) Version/10.0 Mobile/14E304 Safari/602.1"
::1 - - [12/Oct/2018:09:13:12 +0000] "GET /sockjs-node/js/bundle.js HTTP/1.1" 304 - "http://localhost:8081/sockjs-node/iframe.html" "Mozilla/5.0 (iPhone; CPU iPhone OS 10_3_1 like Mac OS X) AppleWebKit/603.1.30 (KHTML, like Gecko) Version/10.0 Mobile/14E304 Safari/602.1"
::1 - - [12/Oct/2018:09:13:12 +0000] "GET /sockjs-node/config/common.css HTTP/1.1" 304 - "http://localhost:8081/sockjs-node/iframe.html" "Mozilla/5.0 (iPhone; CPU iPhone OS 10_3_1 like Mac OS X) AppleWebKit/603.1.30 (KHTML, like Gecko) Version/10.0 Mobile/14E304 Safari/602.1"
::1 - - [12/Oct/2018:09:13:12 +0000] "GET /sockjs-node/utils/font_size.js HTTP/1.1" 304 - "http://localhost:8081/sockjs-node/iframe.html" "Mozilla/5.0 (iPhone; CPU iPhone OS 10_3_1 like Mac OS X) AppleWebKit/603.1.30 (KHTML, like Gecko) Version/10.0 Mobile/14E304 Safari/602.1"
::1 - - [12/Oct/2018:09:13:12 +0000] "GET /sockjs-node/js/bundle.js HTTP/1.1" 304 - "http://localhost:8081/sockjs-node/iframe.html" "Mozilla/5.0 (iPhone; CPU iPhone OS 10_3_1 like Mac OS X) AppleWebKit/603.1.30 (KHTML, like Gecko) Version/10.0 Mobile/14E304 Safari/602.1"
::1 - - [12/Oct/2018:09:13:13 +0000] "POST /sockjs-node/200/4ugzm1vb/xhr?t=1539335593267 HTTP/1.1" 404 168 "http://localhost:8081/" "Mozilla/5.0 (iPhone; CPU iPhone OS 10_3_1 like Mac OS X) AppleWebKit/603.1.30 (KHTML, like Gecko) Version/10.0 Mobile/14E304 Safari/602.1"
::1 - - [12/Oct/2018:09:13:13 +0000] "GET /sockjs-node/200/vx1rn2i1/jsonp?c=_jp.a1gdnvo HTTP/1.1" 200 862 "http://localhost:8081/" "Mozilla/5.0 (iPhone; CPU iPhone OS 10_3_1 like Mac OS X) AppleWebKit/603.1.30 (KHTML, like Gecko) Version/10.0 Mobile/14E304 Safari/602.1"
::1 - - [12/Oct/2018:09:18:50 +0000] "GET /sockjs-node/info?t=1539335930528 HTTP/1.1" 200 862 "http://localhost:8081/" "Mozilla/5.0 (iPhone; CPU iPhone OS 10_3_1 like Mac OS X) AppleWebKit/603.1.30 (KHTML, like Gecko) Version/10.0 Mobile/14E304 Safari/602.1"
::1 - - [12/Oct/2018:09:18:51 +0000] "POST /sockjs-node/928/ysxe32cz/xhr_streaming?t=1539335931479 HTTP/1.1" 404 178 "http://localhost:8081/" "Mozilla/5.0 (iPhone; CPU iPhone OS 10_3_1 like Mac OS X) AppleWebKit/603.1.30 (KHTML, like Gecko) Version/10.0 Mobile/14E304 Safari/602.1"
::1 - - [12/Oct/2018:09:18:51 +0000] "GET /sockjs-node/928/hsttzd4f/eventsource HTTP/1.1" 200 862 "http://localhost:8081/" "Mozilla/5.0 (iPhone; CPU iPhone OS 10_3_1 like Mac OS X) AppleWebKit/603.1.30 (KHTML, like Gecko) Version/10.0 Mobile/14E304 Safari/602.1"
::1 - - [12/Oct/2018:09:18:52 +0000] "GET /sockjs-node/iframe.html HTTP/1.1" 304 - "http://localhost:8081/" "Mozilla/5.0 (iPhone; CPU iPhone OS 10_3_1 like Mac OS X) AppleWebKit/603.1.30 (KHTML, like Gecko) Version/10.0 Mobile/14E304 Safari/602.1"
::1 - - [12/Oct/2018:09:18:52 +0000] "GET /sockjs-node/config/common.css HTTP/1.1" 304 - "http://localhost:8081/sockjs-node/iframe.html" "Mozilla/5.0 (iPhone; CPU iPhone OS 10_3_1 like Mac OS X) AppleWebKit/603.1.30 (KHTML, like Gecko) Version/10.0 Mobile/14E304 Safari/602.1"
::1 - - [12/Oct/2018:09:18:52 +0000] "GET /sockjs-node/utils/font_size.js HTTP/1.1" 304 - "http://localhost:8081/sockjs-node/iframe.html" "Mozilla/5.0 (iPhone; CPU iPhone OS 10_3_1 like Mac OS X) AppleWebKit/603.1.30 (KHTML, like Gecko) Version/10.0 Mobile/14E304 Safari/602.1"
::1 - - [12/Oct/2018:09:18:52 +0000] "GET /sockjs-node/js/bundle.js HTTP/1.1" 304 - "http://localhost:8081/sockjs-node/iframe.html" "Mozilla/5.0 (iPhone; CPU iPhone OS 10_3_1 like Mac OS X) AppleWebKit/603.1.30 (KHTML, like Gecko) Version/10.0 Mobile/14E304 Safari/602.1"
::1 - - [12/Oct/2018:09:18:55 +0000] "GET /sockjs-node/928/fsbgysxp/htmlfile?c=_jp.asravot HTTP/1.1" 200 862 "http://localhost:8081/" "Mozilla/5.0 (iPhone; CPU iPhone OS 10_3_1 like Mac OS X) AppleWebKit/603.1.30 (KHTML, like Gecko) Version/10.0 Mobile/14E304 Safari/602.1"
::1 - - [12/Oct/2018:09:18:55 +0000] "GET /sockjs-node/928/fsbgysxp/config/common.css HTTP/1.1" 200 862 "http://localhost:8081/sockjs-node/928/fsbgysxp/htmlfile?c=_jp.asravot" "Mozilla/5.0 (iPhone; CPU iPhone OS 10_3_1 like Mac OS X) AppleWebKit/603.1.30 (KHTML, like Gecko) Version/10.0 Mobile/14E304 Safari/602.1"
::1 - - [12/Oct/2018:09:18:55 +0000] "GET /sockjs-node/928/fsbgysxp/utils/font_size.js HTTP/1.1" 200 862 "http://localhost:8081/sockjs-node/928/fsbgysxp/htmlfile?c=_jp.asravot" "Mozilla/5.0 (iPhone; CPU iPhone OS 10_3_1 like Mac OS X) AppleWebKit/603.1.30 (KHTML, like Gecko) Version/10.0 Mobile/14E304 Safari/602.1"
::1 - - [12/Oct/2018:09:18:55 +0000] "GET /sockjs-node/928/fsbgysxp/js/bundle.js HTTP/1.1" 200 862 "http://localhost:8081/sockjs-node/928/fsbgysxp/htmlfile?c=_jp.asravot" "Mozilla/5.0 (iPhone; CPU iPhone OS 10_3_1 like Mac OS X) AppleWebKit/603.1.30 (KHTML, like Gecko) Version/10.0 Mobile/14E304 Safari/602.1"
::1 - - [12/Oct/2018:09:18:58 +0000] "GET /sockjs-node/iframe.html HTTP/1.1" 304 - "http://localhost:8081/" "Mozilla/5.0 (iPhone; CPU iPhone OS 10_3_1 like Mac OS X) AppleWebKit/603.1.30 (KHTML, like Gecko) Version/10.0 Mobile/14E304 Safari/602.1"
::1 - - [12/Oct/2018:09:18:58 +0000] "GET /sockjs-node/config/common.css HTTP/1.1" 304 - "http://localhost:8081/sockjs-node/iframe.html" "Mozilla/5.0 (iPhone; CPU iPhone OS 10_3_1 like Mac OS X) AppleWebKit/603.1.30 (KHTML, like Gecko) Version/10.0 Mobile/14E304 Safari/602.1"
::1 - - [12/Oct/2018:09:18:58 +0000] "GET /sockjs-node/utils/font_size.js HTTP/1.1" 304 - "http://localhost:8081/sockjs-node/iframe.html" "Mozilla/5.0 (iPhone; CPU iPhone OS 10_3_1 like Mac OS X) AppleWebKit/603.1.30 (KHTML, like Gecko) Version/10.0 Mobile/14E304 Safari/602.1"
::1 - - [12/Oct/2018:09:18:58 +0000] "GET /sockjs-node/js/bundle.js HTTP/1.1" 304 - "http://localhost:8081/sockjs-node/iframe.html" "Mozilla/5.0 (iPhone; CPU iPhone OS 10_3_1 like Mac OS X) AppleWebKit/603.1.30 (KHTML, like Gecko) Version/10.0 Mobile/14E304 Safari/602.1"
::1 - - [12/Oct/2018:09:18:59 +0000] "GET /sockjs-node/iframe.html HTTP/1.1" 304 - "http://localhost:8081/" "Mozilla/5.0 (iPhone; CPU iPhone OS 10_3_1 like Mac OS X) AppleWebKit/603.1.30 (KHTML, like Gecko) Version/10.0 Mobile/14E304 Safari/602.1"
::1 - - [12/Oct/2018:09:18:59 +0000] "POST /sockjs-node/928/qviamvat/xhr?t=1539335939359 HTTP/1.1" 404 168 "http://localhost:8081/" "Mozilla/5.0 (iPhone; CPU iPhone OS 10_3_1 like Mac OS X) AppleWebKit/603.1.30 (KHTML, like Gecko) Version/10.0 Mobile/14E304 Safari/602.1"
::1 - - [12/Oct/2018:09:18:59 +0000] "GET /sockjs-node/config/common.css HTTP/1.1" 304 - "http://localhost:8081/sockjs-node/iframe.html" "Mozilla/5.0 (iPhone; CPU iPhone OS 10_3_1 like Mac OS X) AppleWebKit/603.1.30 (KHTML, like Gecko) Version/10.0 Mobile/14E304 Safari/602.1"
::1 - - [12/Oct/2018:09:18:59 +0000] "GET /sockjs-node/utils/font_size.js HTTP/1.1" 304 - "http://localhost:8081/sockjs-node/iframe.html" "Mozilla/5.0 (iPhone; CPU iPhone OS 10_3_1 like Mac OS X) AppleWebKit/603.1.30 (KHTML, like Gecko) Version/10.0 Mobile/14E304 Safari/602.1"
::1 - - [12/Oct/2018:09:18:59 +0000] "GET /sockjs-node/js/bundle.js HTTP/1.1" 304 - "http://localhost:8081/sockjs-node/iframe.html" "Mozilla/5.0 (iPhone; CPU iPhone OS 10_3_1 like Mac OS X) AppleWebKit/603.1.30 (KHTML, like Gecko) Version/10.0 Mobile/14E304 Safari/602.1"
::1 - - [12/Oct/2018:09:19:00 +0000] "GET /sockjs-node/928/q5kecjbe/jsonp?c=_jp.agnf0cg HTTP/1.1" 200 862 "http://localhost:8081/" "Mozilla/5.0 (iPhone; CPU iPhone OS 10_3_1 like Mac OS X) AppleWebKit/603.1.30 (KHTML, like Gecko) Version/10.0 Mobile/14E304 Safari/602.1"
::1 - - [12/Oct/2018:09:19:07 +0000] "GET /sockjs-node/info?t=1539335947522 HTTP/1.1" 200 862 "http://localhost:8081/" "Mozilla/5.0 (iPhone; CPU iPhone OS 10_3_1 like Mac OS X) AppleWebKit/603.1.30 (KHTML, like Gecko) Version/10.0 Mobile/14E304 Safari/602.1"
::1 - - [12/Oct/2018:09:19:08 +0000] "POST /sockjs-node/583/qrk1tmmn/xhr_streaming?t=1539335948483 HTTP/1.1" 404 178 "http://localhost:8081/" "Mozilla/5.0 (iPhone; CPU iPhone OS 10_3_1 like Mac OS X) AppleWebKit/603.1.30 (KHTML, like Gecko) Version/10.0 Mobile/14E304 Safari/602.1"
::1 - - [12/Oct/2018:09:19:08 +0000] "GET /sockjs-node/583/yrxpzgbl/eventsource HTTP/1.1" 200 862 "http://localhost:8081/" "Mozilla/5.0 (iPhone; CPU iPhone OS 10_3_1 like Mac OS X) AppleWebKit/603.1.30 (KHTML, like Gecko) Version/10.0 Mobile/14E304 Safari/602.1"
::1 - - [12/Oct/2018:09:19:09 +0000] "GET /sockjs-node/iframe.html HTTP/1.1" 304 - "http://localhost:8081/" "Mozilla/5.0 (iPhone; CPU iPhone OS 10_3_1 like Mac OS X) AppleWebKit/603.1.30 (KHTML, like Gecko) Version/10.0 Mobile/14E304 Safari/602.1"
::1 - - [12/Oct/2018:09:19:09 +0000] "GET /sockjs-node/config/common.css HTTP/1.1" 304 - "http://localhost:8081/sockjs-node/iframe.html" "Mozilla/5.0 (iPhone; CPU iPhone OS 10_3_1 like Mac OS X) AppleWebKit/603.1.30 (KHTML, like Gecko) Version/10.0 Mobile/14E304 Safari/602.1"
::1 - - [12/Oct/2018:09:19:09 +0000] "GET /sockjs-node/utils/font_size.js HTTP/1.1" 304 - "http://localhost:8081/sockjs-node/iframe.html" "Mozilla/5.0 (iPhone; CPU iPhone OS 10_3_1 like Mac OS X) AppleWebKit/603.1.30 (KHTML, like Gecko) Version/10.0 Mobile/14E304 Safari/602.1"
::1 - - [12/Oct/2018:09:19:09 +0000] "GET /sockjs-node/js/bundle.js HTTP/1.1" 304 - "http://localhost:8081/sockjs-node/iframe.html" "Mozilla/5.0 (iPhone; CPU iPhone OS 10_3_1 like Mac OS X) AppleWebKit/603.1.30 (KHTML, like Gecko) Version/10.0 Mobile/14E304 Safari/602.1"
::1 - - [12/Oct/2018:09:19:12 +0000] "GET /sockjs-node/583/vtn0nn53/htmlfile?c=_jp.afvqghi HTTP/1.1" 200 862 "http://localhost:8081/" "Mozilla/5.0 (iPhone; CPU iPhone OS 10_3_1 like Mac OS X) AppleWebKit/603.1.30 (KHTML, like Gecko) Version/10.0 Mobile/14E304 Safari/602.1"
::1 - - [12/Oct/2018:09:19:12 +0000] "GET /sockjs-node/583/vtn0nn53/config/common.css HTTP/1.1" 200 862 "http://localhost:8081/sockjs-node/583/vtn0nn53/htmlfile?c=_jp.afvqghi" "Mozilla/5.0 (iPhone; CPU iPhone OS 10_3_1 like Mac OS X) AppleWebKit/603.1.30 (KHTML, like Gecko) Version/10.0 Mobile/14E304 Safari/602.1"
::1 - - [12/Oct/2018:09:19:12 +0000] "GET /sockjs-node/583/vtn0nn53/utils/font_size.js HTTP/1.1" 200 862 "http://localhost:8081/sockjs-node/583/vtn0nn53/htmlfile?c=_jp.afvqghi" "Mozilla/5.0 (iPhone; CPU iPhone OS 10_3_1 like Mac OS X) AppleWebKit/603.1.30 (KHTML, like Gecko) Version/10.0 Mobile/14E304 Safari/602.1"
::1 - - [12/Oct/2018:09:19:12 +0000] "GET /sockjs-node/583/vtn0nn53/js/bundle.js HTTP/1.1" 200 862 "http://localhost:8081/sockjs-node/583/vtn0nn53/htmlfile?c=_jp.afvqghi" "Mozilla/5.0 (iPhone; CPU iPhone OS 10_3_1 like Mac OS X) AppleWebKit/603.1.30 (KHTML, like Gecko) Version/10.0 Mobile/14E304 Safari/602.1"
::1 - - [12/Oct/2018:09:19:15 +0000] "GET /sockjs-node/iframe.html HTTP/1.1" 304 - "http://localhost:8081/" "Mozilla/5.0 (iPhone; CPU iPhone OS 10_3_1 like Mac OS X) AppleWebKit/603.1.30 (KHTML, like Gecko) Version/10.0 Mobile/14E304 Safari/602.1"
::1 - - [12/Oct/2018:09:19:15 +0000] "GET /sockjs-node/config/common.css HTTP/1.1" 304 - "http://localhost:8081/sockjs-node/iframe.html" "Mozilla/5.0 (iPhone; CPU iPhone OS 10_3_1 like Mac OS X) AppleWebKit/603.1.30 (KHTML, like Gecko) Version/10.0 Mobile/14E304 Safari/602.1"
::1 - - [12/Oct/2018:09:19:15 +0000] "GET /sockjs-node/utils/font_size.js HTTP/1.1" 304 - "http://localhost:8081/sockjs-node/iframe.html" "Mozilla/5.0 (iPhone; CPU iPhone OS 10_3_1 like Mac OS X) AppleWebKit/603.1.30 (KHTML, like Gecko) Version/10.0 Mobile/14E304 Safari/602.1"
::1 - - [12/Oct/2018:09:19:15 +0000] "GET /sockjs-node/js/bundle.js HTTP/1.1" 304 - "http://localhost:8081/sockjs-node/iframe.html" "Mozilla/5.0 (iPhone; CPU iPhone OS 10_3_1 like Mac OS X) AppleWebKit/603.1.30 (KHTML, like Gecko) Version/10.0 Mobile/14E304 Safari/602.1"
::1 - - [12/Oct/2018:09:19:16 +0000] "GET /sockjs-node/iframe.html HTTP/1.1" 304 - "http://localhost:8081/" "Mozilla/5.0 (iPhone; CPU iPhone OS 10_3_1 like Mac OS X) AppleWebKit/603.1.30 (KHTML, like Gecko) Version/10.0 Mobile/14E304 Safari/602.1"
::1 - - [12/Oct/2018:09:19:16 +0000] "POST /sockjs-node/583/4crkzqjc/xhr?t=1539335956311 HTTP/1.1" 404 168 "http://localhost:8081/" "Mozilla/5.0 (iPhone; CPU iPhone OS 10_3_1 like Mac OS X) AppleWebKit/603.1.30 (KHTML, like Gecko) Version/10.0 Mobile/14E304 Safari/602.1"
::1 - - [12/Oct/2018:09:19:16 +0000] "GET /sockjs-node/config/common.css HTTP/1.1" 304 - "http://localhost:8081/sockjs-node/iframe.html" "Mozilla/5.0 (iPhone; CPU iPhone OS 10_3_1 like Mac OS X) AppleWebKit/603.1.30 (KHTML, like Gecko) Version/10.0 Mobile/14E304 Safari/602.1"
::1 - - [12/Oct/2018:09:19:16 +0000] "GET /sockjs-node/utils/font_size.js HTTP/1.1" 304 - "http://localhost:8081/sockjs-node/iframe.html" "Mozilla/5.0 (iPhone; CPU iPhone OS 10_3_1 like Mac OS X) AppleWebKit/603.1.30 (KHTML, like Gecko) Version/10.0 Mobile/14E304 Safari/602.1"
::1 - - [12/Oct/2018:09:19:16 +0000] "GET /sockjs-node/js/bundle.js HTTP/1.1" 304 - "http://localhost:8081/sockjs-node/iframe.html" "Mozilla/5.0 (iPhone; CPU iPhone OS 10_3_1 like Mac OS X) AppleWebKit/603.1.30 (KHTML, like Gecko) Version/10.0 Mobile/14E304 Safari/602.1"
::1 - - [12/Oct/2018:09:19:17 +0000] "GET /sockjs-node/583/ujpgy0jk/jsonp?c=_jp.arkcofa HTTP/1.1" 200 862 "http://localhost:8081/" "Mozilla/5.0 (iPhone; CPU iPhone OS 10_3_1 like Mac OS X) AppleWebKit/603.1.30 (KHTML, like Gecko) Version/10.0 Mobile/14E304 Safari/602.1"
::1 - - [12/Oct/2018:09:19:28 +0000] "GET /sockjs-node/info?t=1539335968633 HTTP/1.1" 200 862 "http://localhost:8081/" "Mozilla/5.0 (iPhone; CPU iPhone OS 10_3_1 like Mac OS X) AppleWebKit/603.1.30 (KHTML, like Gecko) Version/10.0 Mobile/14E304 Safari/602.1"
::1 - - [12/Oct/2018:09:19:29 +0000] "POST /sockjs-node/534/vigt2raj/xhr_streaming?t=1539335969440 HTTP/1.1" 404 178 "http://localhost:8081/" "Mozilla/5.0 (iPhone; CPU iPhone OS 10_3_1 like Mac OS X) AppleWebKit/603.1.30 (KHTML, like Gecko) Version/10.0 Mobile/14E304 Safari/602.1"
::1 - - [12/Oct/2018:09:19:29 +0000] "GET /sockjs-node/534/23tvignf/eventsource HTTP/1.1" 200 862 "http://localhost:8081/" "Mozilla/5.0 (iPhone; CPU iPhone OS 10_3_1 like Mac OS X) AppleWebKit/603.1.30 (KHTML, like Gecko) Version/10.0 Mobile/14E304 Safari/602.1"
::1 - - [12/Oct/2018:09:19:30 +0000] "GET /sockjs-node/iframe.html HTTP/1.1" 304 - "http://localhost:8081/" "Mozilla/5.0 (iPhone; CPU iPhone OS 10_3_1 like Mac OS X) AppleWebKit/603.1.30 (KHTML, like Gecko) Version/10.0 Mobile/14E304 Safari/602.1"
::1 - - [12/Oct/2018:09:19:30 +0000] "GET /sockjs-node/config/common.css HTTP/1.1" 304 - "http://localhost:8081/sockjs-node/iframe.html" "Mozilla/5.0 (iPhone; CPU iPhone OS 10_3_1 like Mac OS X) AppleWebKit/603.1.30 (KHTML, like Gecko) Version/10.0 Mobile/14E304 Safari/602.1"
::1 - - [12/Oct/2018:09:19:30 +0000] "GET /sockjs-node/utils/font_size.js HTTP/1.1" 304 - "http://localhost:8081/sockjs-node/iframe.html" "Mozilla/5.0 (iPhone; CPU iPhone OS 10_3_1 like Mac OS X) AppleWebKit/603.1.30 (KHTML, like Gecko) Version/10.0 Mobile/14E304 Safari/602.1"
::1 - - [12/Oct/2018:09:19:30 +0000] "GET /sockjs-node/js/bundle.js HTTP/1.1" 304 - "http://localhost:8081/sockjs-node/iframe.html" "Mozilla/5.0 (iPhone; CPU iPhone OS 10_3_1 like Mac OS X) AppleWebKit/603.1.30 (KHTML, like Gecko) Version/10.0 Mobile/14E304 Safari/602.1"
::1 - - [12/Oct/2018:09:19:33 +0000] "GET /sockjs-node/534/lkrk4guy/htmlfile?c=_jp.azveonm HTTP/1.1" 200 862 "http://localhost:8081/" "Mozilla/5.0 (iPhone; CPU iPhone OS 10_3_1 like Mac OS X) AppleWebKit/603.1.30 (KHTML, like Gecko) Version/10.0 Mobile/14E304 Safari/602.1"
::1 - - [12/Oct/2018:09:19:33 +0000] "GET /sockjs-node/534/lkrk4guy/config/common.css HTTP/1.1" 200 862 "http://localhost:8081/sockjs-node/534/lkrk4guy/htmlfile?c=_jp.azveonm" "Mozilla/5.0 (iPhone; CPU iPhone OS 10_3_1 like Mac OS X) AppleWebKit/603.1.30 (KHTML, like Gecko) Version/10.0 Mobile/14E304 Safari/602.1"
::1 - - [12/Oct/2018:09:19:33 +0000] "GET /sockjs-node/534/lkrk4guy/utils/font_size.js HTTP/1.1" 200 862 "http://localhost:8081/sockjs-node/534/lkrk4guy/htmlfile?c=_jp.azveonm" "Mozilla/5.0 (iPhone; CPU iPhone OS 10_3_1 like Mac OS X) AppleWebKit/603.1.30 (KHTML, like Gecko) Version/10.0 Mobile/14E304 Safari/602.1"
::1 - - [12/Oct/2018:09:19:33 +0000] "GET /sockjs-node/534/lkrk4guy/js/bundle.js HTTP/1.1" 200 862 "http://localhost:8081/sockjs-node/534/lkrk4guy/htmlfile?c=_jp.azveonm" "Mozilla/5.0 (iPhone; CPU iPhone OS 10_3_1 like Mac OS X) AppleWebKit/603.1.30 (KHTML, like Gecko) Version/10.0 Mobile/14E304 Safari/602.1"
::1 - - [12/Oct/2018:09:19:36 +0000] "GET /sockjs-node/iframe.html HTTP/1.1" 304 - "http://localhost:8081/" "Mozilla/5.0 (iPhone; CPU iPhone OS 10_3_1 like Mac OS X) AppleWebKit/603.1.30 (KHTML, like Gecko) Version/10.0 Mobile/14E304 Safari/602.1"
::1 - - [12/Oct/2018:09:19:36 +0000] "GET /sockjs-node/config/common.css HTTP/1.1" 304 - "http://localhost:8081/sockjs-node/iframe.html" "Mozilla/5.0 (iPhone; CPU iPhone OS 10_3_1 like Mac OS X) AppleWebKit/603.1.30 (KHTML, like Gecko) Version/10.0 Mobile/14E304 Safari/602.1"
::1 - - [12/Oct/2018:09:19:36 +0000] "GET /sockjs-node/utils/font_size.js HTTP/1.1" 304 - "http://localhost:8081/sockjs-node/iframe.html" "Mozilla/5.0 (iPhone; CPU iPhone OS 10_3_1 like Mac OS X) AppleWebKit/603.1.30 (KHTML, like Gecko) Version/10.0 Mobile/14E304 Safari/602.1"
::1 - - [12/Oct/2018:09:19:36 +0000] "GET /sockjs-node/js/bundle.js HTTP/1.1" 304 - "http://localhost:8081/sockjs-node/iframe.html" "Mozilla/5.0 (iPhone; CPU iPhone OS 10_3_1 like Mac OS X) AppleWebKit/603.1.30 (KHTML, like Gecko) Version/10.0 Mobile/14E304 Safari/602.1"
::1 - - [12/Oct/2018:09:19:39 +0000] "POST /sockjs-node/534/3fxsae4n/xhr?t=1539335979452 HTTP/1.1" 404 168 "http://localhost:8081/" "Mozilla/5.0 (iPhone; CPU iPhone OS 10_3_1 like Mac OS X) AppleWebKit/603.1.30 (KHTML, like Gecko) Version/10.0 Mobile/14E304 Safari/602.1"
::1 - - [12/Oct/2018:09:19:39 +0000] "GET /sockjs-node/iframe.html HTTP/1.1" 304 - "http://localhost:8081/" "Mozilla/5.0 (iPhone; CPU iPhone OS 10_3_1 like Mac OS X) AppleWebKit/603.1.30 (KHTML, like Gecko) Version/10.0 Mobile/14E304 Safari/602.1"
::1 - - [12/Oct/2018:09:19:39 +0000] "GET /sockjs-node/config/common.css HTTP/1.1" 304 - "http://localhost:8081/sockjs-node/iframe.html" "Mozilla/5.0 (iPhone; CPU iPhone OS 10_3_1 like Mac OS X) AppleWebKit/603.1.30 (KHTML, like Gecko) Version/10.0 Mobile/14E304 Safari/602.1"
::1 - - [12/Oct/2018:09:19:39 +0000] "GET /sockjs-node/utils/font_size.js HTTP/1.1" 304 - "http://localhost:8081/sockjs-node/iframe.html" "Mozilla/5.0 (iPhone; CPU iPhone OS 10_3_1 like Mac OS X) AppleWebKit/603.1.30 (KHTML, like Gecko) Version/10.0 Mobile/14E304 Safari/602.1"
::1 - - [12/Oct/2018:09:19:39 +0000] "GET /sockjs-node/js/bundle.js HTTP/1.1" 304 - "http://localhost:8081/sockjs-node/iframe.html" "Mozilla/5.0 (iPhone; CPU iPhone OS 10_3_1 like Mac OS X) AppleWebKit/603.1.30 (KHTML, like Gecko) Version/10.0 Mobile/14E304 Safari/602.1"
::1 - - [12/Oct/2018:09:19:40 +0000] "GET /sockjs-node/534/xhbqahqp/jsonp?c=_jp.avseyzg HTTP/1.1" 200 862 "http://localhost:8081/" "Mozilla/5.0 (iPhone; CPU iPhone OS 10_3_1 like Mac OS X) AppleWebKit/603.1.30 (KHTML, like Gecko) Version/10.0 Mobile/14E304 Safari/602.1"
::1 - - [12/Oct/2018:09:19:58 +0000] "GET /sockjs-node/info?t=1539335998443 HTTP/1.1" 200 862 "http://localhost:8081/" "Mozilla/5.0 (iPhone; CPU iPhone OS 10_3_1 like Mac OS X) AppleWebKit/603.1.30 (KHTML, like Gecko) Version/10.0 Mobile/14E304 Safari/602.1"
::1 - - [12/Oct/2018:09:19:59 +0000] "POST /sockjs-node/982/wfldwvgx/xhr_streaming?t=1539335999517 HTTP/1.1" 404 178 "http://localhost:8081/" "Mozilla/5.0 (iPhone; CPU iPhone OS 10_3_1 like Mac OS X) AppleWebKit/603.1.30 (KHTML, like Gecko) Version/10.0 Mobile/14E304 Safari/602.1"
::1 - - [12/Oct/2018:09:19:59 +0000] "GET /sockjs-node/982/g2c5u4ua/eventsource HTTP/1.1" 200 862 "http://localhost:8081/" "Mozilla/5.0 (iPhone; CPU iPhone OS 10_3_1 like Mac OS X) AppleWebKit/603.1.30 (KHTML, like Gecko) Version/10.0 Mobile/14E304 Safari/602.1"
::1 - - [12/Oct/2018:09:20:00 +0000] "GET /sockjs-node/iframe.html HTTP/1.1" 304 - "http://localhost:8081/" "Mozilla/5.0 (iPhone; CPU iPhone OS 10_3_1 like Mac OS X) AppleWebKit/603.1.30 (KHTML, like Gecko) Version/10.0 Mobile/14E304 Safari/602.1"
::1 - - [12/Oct/2018:09:20:00 +0000] "GET /sockjs-node/config/common.css HTTP/1.1" 304 - "http://localhost:8081/sockjs-node/iframe.html" "Mozilla/5.0 (iPhone; CPU iPhone OS 10_3_1 like Mac OS X) AppleWebKit/603.1.30 (KHTML, like Gecko) Version/10.0 Mobile/14E304 Safari/602.1"
::1 - - [12/Oct/2018:09:20:00 +0000] "GET /sockjs-node/utils/font_size.js HTTP/1.1" 304 - "http://localhost:8081/sockjs-node/iframe.html" "Mozilla/5.0 (iPhone; CPU iPhone OS 10_3_1 like Mac OS X) AppleWebKit/603.1.30 (KHTML, like Gecko) Version/10.0 Mobile/14E304 Safari/602.1"
::1 - - [12/Oct/2018:09:20:00 +0000] "GET /sockjs-node/js/bundle.js HTTP/1.1" 304 - "http://localhost:8081/sockjs-node/iframe.html" "Mozilla/5.0 (iPhone; CPU iPhone OS 10_3_1 like Mac OS X) AppleWebKit/603.1.30 (KHTML, like Gecko) Version/10.0 Mobile/14E304 Safari/602.1"
::1 - - [12/Oct/2018:09:20:03 +0000] "GET /sockjs-node/982/11n1iduq/htmlfile?c=_jp.av44j42 HTTP/1.1" 200 862 "http://localhost:8081/" "Mozilla/5.0 (iPhone; CPU iPhone OS 10_3_1 like Mac OS X) AppleWebKit/603.1.30 (KHTML, like Gecko) Version/10.0 Mobile/14E304 Safari/602.1"
::1 - - [12/Oct/2018:09:20:03 +0000] "GET /sockjs-node/982/11n1iduq/config/common.css HTTP/1.1" 200 862 "http://localhost:8081/sockjs-node/982/11n1iduq/htmlfile?c=_jp.av44j42" "Mozilla/5.0 (iPhone; CPU iPhone OS 10_3_1 like Mac OS X) AppleWebKit/603.1.30 (KHTML, like Gecko) Version/10.0 Mobile/14E304 Safari/602.1"
::1 - - [12/Oct/2018:09:20:03 +0000] "GET /sockjs-node/982/11n1iduq/utils/font_size.js HTTP/1.1" 200 862 "http://localhost:8081/sockjs-node/982/11n1iduq/htmlfile?c=_jp.av44j42" "Mozilla/5.0 (iPhone; CPU iPhone OS 10_3_1 like Mac OS X) AppleWebKit/603.1.30 (KHTML, like Gecko) Version/10.0 Mobile/14E304 Safari/602.1"
::1 - - [12/Oct/2018:09:20:03 +0000] "GET /sockjs-node/982/11n1iduq/js/bundle.js HTTP/1.1" 200 862 "http://localhost:8081/sockjs-node/982/11n1iduq/htmlfile?c=_jp.av44j42" "Mozilla/5.0 (iPhone; CPU iPhone OS 10_3_1 like Mac OS X) AppleWebKit/603.1.30 (KHTML, like Gecko) Version/10.0 Mobile/14E304 Safari/602.1"
::1 - - [12/Oct/2018:09:20:05 +0000] "GET /sockjs-node/iframe.html HTTP/1.1" 304 - "http://localhost:8081/" "Mozilla/5.0 (iPhone; CPU iPhone OS 10_3_1 like Mac OS X) AppleWebKit/603.1.30 (KHTML, like Gecko) Version/10.0 Mobile/14E304 Safari/602.1"
::1 - - [12/Oct/2018:09:20:05 +0000] "GET /sockjs-node/config/common.css HTTP/1.1" 304 - "http://localhost:8081/sockjs-node/iframe.html" "Mozilla/5.0 (iPhone; CPU iPhone OS 10_3_1 like Mac OS X) AppleWebKit/603.1.30 (KHTML, like Gecko) Version/10.0 Mobile/14E304 Safari/602.1"
::1 - - [12/Oct/2018:09:20:05 +0000] "GET /sockjs-node/utils/font_size.js HTTP/1.1" 304 - "http://localhost:8081/sockjs-node/iframe.html" "Mozilla/5.0 (iPhone; CPU iPhone OS 10_3_1 like Mac OS X) AppleWebKit/603.1.30 (KHTML, like Gecko) Version/10.0 Mobile/14E304 Safari/602.1"
::1 - - [12/Oct/2018:09:20:05 +0000] "GET /sockjs-node/js/bundle.js HTTP/1.1" 304 - "http://localhost:8081/sockjs-node/iframe.html" "Mozilla/5.0 (iPhone; CPU iPhone OS 10_3_1 like Mac OS X) AppleWebKit/603.1.30 (KHTML, like Gecko) Version/10.0 Mobile/14E304 Safari/602.1"
::1 - - [12/Oct/2018:09:20:06 +0000] "POST /sockjs-node/982/tdfdraym/xhr?t=1539336006259 HTTP/1.1" 404 168 "http://localhost:8081/" "Mozilla/5.0 (iPhone; CPU iPhone OS 10_3_1 like Mac OS X) AppleWebKit/603.1.30 (KHTML, like Gecko) Version/10.0 Mobile/14E304 Safari/602.1"
::1 - - [12/Oct/2018:09:20:06 +0000] "GET /sockjs-node/iframe.html HTTP/1.1" 304 - "http://localhost:8081/" "Mozilla/5.0 (iPhone; CPU iPhone OS 10_3_1 like Mac OS X) AppleWebKit/603.1.30 (KHTML, like Gecko) Version/10.0 Mobile/14E304 Safari/602.1"
::1 - - [12/Oct/2018:09:20:06 +0000] "GET /sockjs-node/config/common.css HTTP/1.1" 304 - "http://localhost:8081/sockjs-node/iframe.html" "Mozilla/5.0 (iPhone; CPU iPhone OS 10_3_1 like Mac OS X) AppleWebKit/603.1.30 (KHTML, like Gecko) Version/10.0 Mobile/14E304 Safari/602.1"
::1 - - [12/Oct/2018:09:20:06 +0000] "GET /sockjs-node/utils/font_size.js HTTP/1.1" 304 - "http://localhost:8081/sockjs-node/iframe.html" "Mozilla/5.0 (iPhone; CPU iPhone OS 10_3_1 like Mac OS X) AppleWebKit/603.1.30 (KHTML, like Gecko) Version/10.0 Mobile/14E304 Safari/602.1"
::1 - - [12/Oct/2018:09:20:06 +0000] "GET /sockjs-node/js/bundle.js HTTP/1.1" 304 - "http://localhost:8081/sockjs-node/iframe.html" "Mozilla/5.0 (iPhone; CPU iPhone OS 10_3_1 like Mac OS X) AppleWebKit/603.1.30 (KHTML, like Gecko) Version/10.0 Mobile/14E304 Safari/602.1"
::1 - - [12/Oct/2018:09:20:09 +0000] "GET /sockjs-node/982/jbe4umfp/jsonp?c=_jp.a41o2j1 HTTP/1.1" 200 862 "http://localhost:8081/" "Mozilla/5.0 (iPhone; CPU iPhone OS 10_3_1 like Mac OS X) AppleWebKit/603.1.30 (KHTML, like Gecko) Version/10.0 Mobile/14E304 Safari/602.1"
::1 - - [12/Oct/2018:09:20:50 +0000] "GET /sockjs-node/info?t=1539336050653 HTTP/1.1" 200 862 "http://localhost:8081/" "Mozilla/5.0 (iPhone; CPU iPhone OS 10_3_1 like Mac OS X) AppleWebKit/603.1.30 (KHTML, like Gecko) Version/10.0 Mobile/14E304 Safari/602.1"
::1 - - [12/Oct/2018:09:20:51 +0000] "POST /sockjs-node/955/dnqqmhgj/xhr_streaming?t=1539336051432 HTTP/1.1" 404 178 "http://localhost:8081/" "Mozilla/5.0 (iPhone; CPU iPhone OS 10_3_1 like Mac OS X) AppleWebKit/603.1.30 (KHTML, like Gecko) Version/10.0 Mobile/14E304 Safari/602.1"
::1 - - [12/Oct/2018:09:20:51 +0000] "GET /sockjs-node/955/2d3zazfa/eventsource HTTP/1.1" 200 862 "http://localhost:8081/" "Mozilla/5.0 (iPhone; CPU iPhone OS 10_3_1 like Mac OS X) AppleWebKit/603.1.30 (KHTML, like Gecko) Version/10.0 Mobile/14E304 Safari/602.1"
::1 - - [12/Oct/2018:09:20:52 +0000] "GET /sockjs-node/iframe.html HTTP/1.1" 304 - "http://localhost:8081/" "Mozilla/5.0 (iPhone; CPU iPhone OS 10_3_1 like Mac OS X) AppleWebKit/603.1.30 (KHTML, like Gecko) Version/10.0 Mobile/14E304 Safari/602.1"
::1 - - [12/Oct/2018:09:20:52 +0000] "GET /sockjs-node/config/common.css HTTP/1.1" 304 - "http://localhost:8081/sockjs-node/iframe.html" "Mozilla/5.0 (iPhone; CPU iPhone OS 10_3_1 like Mac OS X) AppleWebKit/603.1.30 (KHTML, like Gecko) Version/10.0 Mobile/14E304 Safari/602.1"
::1 - - [12/Oct/2018:09:20:52 +0000] "GET /sockjs-node/utils/font_size.js HTTP/1.1" 304 - "http://localhost:8081/sockjs-node/iframe.html" "Mozilla/5.0 (iPhone; CPU iPhone OS 10_3_1 like Mac OS X) AppleWebKit/603.1.30 (KHTML, like Gecko) Version/10.0 Mobile/14E304 Safari/602.1"
::1 - - [12/Oct/2018:09:20:52 +0000] "GET /sockjs-node/js/bundle.js HTTP/1.1" 304 - "http://localhost:8081/sockjs-node/iframe.html" "Mozilla/5.0 (iPhone; CPU iPhone OS 10_3_1 like Mac OS X) AppleWebKit/603.1.30 (KHTML, like Gecko) Version/10.0 Mobile/14E304 Safari/602.1"
::1 - - [12/Oct/2018:09:20:55 +0000] "GET /sockjs-node/955/tcsnrb0n/htmlfile?c=_jp.alv0kvd HTTP/1.1" 200 862 "http://localhost:8081/" "Mozilla/5.0 (iPhone; CPU iPhone OS 10_3_1 like Mac OS X) AppleWebKit/603.1.30 (KHTML, like Gecko) Version/10.0 Mobile/14E304 Safari/602.1"
::1 - - [12/Oct/2018:09:20:55 +0000] "GET /sockjs-node/955/tcsnrb0n/config/common.css HTTP/1.1" 200 862 "http://localhost:8081/sockjs-node/955/tcsnrb0n/htmlfile?c=_jp.alv0kvd" "Mozilla/5.0 (iPhone; CPU iPhone OS 10_3_1 like Mac OS X) AppleWebKit/603.1.30 (KHTML, like Gecko) Version/10.0 Mobile/14E304 Safari/602.1"
::1 - - [12/Oct/2018:09:20:55 +0000] "GET /sockjs-node/955/tcsnrb0n/utils/font_size.js HTTP/1.1" 200 862 "http://localhost:8081/sockjs-node/955/tcsnrb0n/htmlfile?c=_jp.alv0kvd" "Mozilla/5.0 (iPhone; CPU iPhone OS 10_3_1 like Mac OS X) AppleWebKit/603.1.30 (KHTML, like Gecko) Version/10.0 Mobile/14E304 Safari/602.1"
::1 - - [12/Oct/2018:09:20:55 +0000] "GET /sockjs-node/955/tcsnrb0n/js/bundle.js HTTP/1.1" 200 862 "http://localhost:8081/sockjs-node/955/tcsnrb0n/htmlfile?c=_jp.alv0kvd" "Mozilla/5.0 (iPhone; CPU iPhone OS 10_3_1 like Mac OS X) AppleWebKit/603.1.30 (KHTML, like Gecko) Version/10.0 Mobile/14E304 Safari/602.1"
::1 - - [12/Oct/2018:09:20:58 +0000] "GET /sockjs-node/iframe.html HTTP/1.1" 304 - "http://localhost:8081/" "Mozilla/5.0 (iPhone; CPU iPhone OS 10_3_1 like Mac OS X) AppleWebKit/603.1.30 (KHTML, like Gecko) Version/10.0 Mobile/14E304 Safari/602.1"
::1 - - [12/Oct/2018:09:20:58 +0000] "GET /sockjs-node/config/common.css HTTP/1.1" 304 - "http://localhost:8081/sockjs-node/iframe.html" "Mozilla/5.0 (iPhone; CPU iPhone OS 10_3_1 like Mac OS X) AppleWebKit/603.1.30 (KHTML, like Gecko) Version/10.0 Mobile/14E304 Safari/602.1"
::1 - - [12/Oct/2018:09:20:58 +0000] "GET /sockjs-node/utils/font_size.js HTTP/1.1" 304 - "http://localhost:8081/sockjs-node/iframe.html" "Mozilla/5.0 (iPhone; CPU iPhone OS 10_3_1 like Mac OS X) AppleWebKit/603.1.30 (KHTML, like Gecko) Version/10.0 Mobile/14E304 Safari/602.1"
::1 - - [12/Oct/2018:09:20:58 +0000] "GET /sockjs-node/js/bundle.js HTTP/1.1" 304 - "http://localhost:8081/sockjs-node/iframe.html" "Mozilla/5.0 (iPhone; CPU iPhone OS 10_3_1 like Mac OS X) AppleWebKit/603.1.30 (KHTML, like Gecko) Version/10.0 Mobile/14E304 Safari/602.1"
::1 - - [12/Oct/2018:09:21:01 +0000] "POST /sockjs-node/955/futvjnov/xhr?t=1539336061472 HTTP/1.1" 404 168 "http://localhost:8081/" "Mozilla/5.0 (iPhone; CPU iPhone OS 10_3_1 like Mac OS X) AppleWebKit/603.1.30 (KHTML, like Gecko) Version/10.0 Mobile/14E304 Safari/602.1"
::1 - - [12/Oct/2018:09:21:01 +0000] "GET /sockjs-node/iframe.html HTTP/1.1" 304 - "http://localhost:8081/" "Mozilla/5.0 (iPhone; CPU iPhone OS 10_3_1 like Mac OS X) AppleWebKit/603.1.30 (KHTML, like Gecko) Version/10.0 Mobile/14E304 Safari/602.1"
::1 - - [12/Oct/2018:09:21:01 +0000] "GET /sockjs-node/config/common.css HTTP/1.1" 304 - "http://localhost:8081/sockjs-node/iframe.html" "Mozilla/5.0 (iPhone; CPU iPhone OS 10_3_1 like Mac OS X) AppleWebKit/603.1.30 (KHTML, like Gecko) Version/10.0 Mobile/14E304 Safari/602.1"
::1 - - [12/Oct/2018:09:21:01 +0000] "GET /sockjs-node/utils/font_size.js HTTP/1.1" 304 - "http://localhost:8081/sockjs-node/iframe.html" "Mozilla/5.0 (iPhone; CPU iPhone OS 10_3_1 like Mac OS X) AppleWebKit/603.1.30 (KHTML, like Gecko) Version/10.0 Mobile/14E304 Safari/602.1"
::1 - - [12/Oct/2018:09:21:01 +0000] "GET /sockjs-node/js/bundle.js HTTP/1.1" 304 - "http://localhost:8081/sockjs-node/iframe.html" "Mozilla/5.0 (iPhone; CPU iPhone OS 10_3_1 like Mac OS X) AppleWebKit/603.1.30 (KHTML, like Gecko) Version/10.0 Mobile/14E304 Safari/602.1"
::1 - - [12/Oct/2018:09:21:02 +0000] "GET /sockjs-node/955/pgfq3hud/jsonp?c=_jp.avleewc HTTP/1.1" 200 862 "http://localhost:8081/" "Mozilla/5.0 (iPhone; CPU iPhone OS 10_3_1 like Mac OS X) AppleWebKit/603.1.30 (KHTML, like Gecko) Version/10.0 Mobile/14E304 Safari/602.1"
::1 - - [12/Oct/2018:09:21:37 +0000] "GET / HTTP/1.1" 200 862 "http://localhost:8081/" "Mozilla/5.0 (iPhone; CPU iPhone OS 10_3_1 like Mac OS X) AppleWebKit/603.1.30 (KHTML, like Gecko) Version/10.0 Mobile/14E304 Safari/602.1"
::1 - - [12/Oct/2018:09:21:37 +0000] "GET /config/common.css HTTP/1.1" 200 3727 "http://localhost:8081/" "Mozilla/5.0 (iPhone; CPU iPhone OS 10_3_1 like Mac OS X) AppleWebKit/603.1.30 (KHTML, like Gecko) Version/10.0 Mobile/14E304 Safari/602.1"
::1 - - [12/Oct/2018:09:21:37 +0000] "GET /utils/font_size.js HTTP/1.1" 200 5465 "http://localhost:8081/" "Mozilla/5.0 (iPhone; CPU iPhone OS 10_3_1 like Mac OS X) AppleWebKit/603.1.30 (KHTML, like Gecko) Version/10.0 Mobile/14E304 Safari/602.1"
::1 - - [12/Oct/2018:09:21:37 +0000] "GET /js/bundle.js HTTP/1.1" 200 3090841 "http://localhost:8081/" "Mozilla/5.0 (iPhone; CPU iPhone OS 10_3_1 like Mac OS X) AppleWebKit/603.1.30 (KHTML, like Gecko) Version/10.0 Mobile/14E304 Safari/602.1"
::1 - - [12/Oct/2018:09:21:38 +0000] "GET /images/Common/back_black@2x.png HTTP/1.1" 304 - "http://localhost:8081/" "Mozilla/5.0 (iPhone; CPU iPhone OS 10_3_1 like Mac OS X) AppleWebKit/603.1.30 (KHTML, like Gecko) Version/10.0 Mobile/14E304 Safari/602.1"
::1 - - [12/Oct/2018:09:21:38 +0000] "GET /images/Common/icon@2x.png HTTP/1.1" 304 - "http://localhost:8081/" "Mozilla/5.0 (iPhone; CPU iPhone OS 10_3_1 like Mac OS X) AppleWebKit/603.1.30 (KHTML, like Gecko) Version/10.0 Mobile/14E304 Safari/602.1"
::1 - - [12/Oct/2018:09:21:38 +0000] "GET /images/Common/lv5@2x.png HTTP/1.1" 304 - "http://localhost:8081/" "Mozilla/5.0 (iPhone; CPU iPhone OS 10_3_1 like Mac OS X) AppleWebKit/603.1.30 (KHTML, like Gecko) Version/10.0 Mobile/14E304 Safari/602.1"
::1 - - [12/Oct/2018:09:21:38 +0000] "GET /images/Common/lv4@2x.png HTTP/1.1" 304 - "http://localhost:8081/" "Mozilla/5.0 (iPhone; CPU iPhone OS 10_3_1 like Mac OS X) AppleWebKit/603.1.30 (KHTML, like Gecko) Version/10.0 Mobile/14E304 Safari/602.1"
::1 - - [12/Oct/2018:09:21:38 +0000] "GET /images/Common/lv3@2x.png HTTP/1.1" 304 - "http://localhost:8081/" "Mozilla/5.0 (iPhone; CPU iPhone OS 10_3_1 like Mac OS X) AppleWebKit/603.1.30 (KHTML, like Gecko) Version/10.0 Mobile/14E304 Safari/602.1"
::1 - - [12/Oct/2018:09:21:38 +0000] "GET /images/Common/lv2@2x.png HTTP/1.1" 304 - "http://localhost:8081/" "Mozilla/5.0 (iPhone; CPU iPhone OS 10_3_1 like Mac OS X) AppleWebKit/603.1.30 (KHTML, like Gecko) Version/10.0 Mobile/14E304 Safari/602.1"
::1 - - [12/Oct/2018:09:21:38 +0000] "GET /images/Common/lv1@2x.png HTTP/1.1" 304 - "http://localhost:8081/" "Mozilla/5.0 (iPhone; CPU iPhone OS 10_3_1 like Mac OS X) AppleWebKit/603.1.30 (KHTML, like Gecko) Version/10.0 Mobile/14E304 Safari/602.1"
::1 - - [12/Oct/2018:09:21:38 +0000] "GET /images/Common/icon_manager_women@2x.png HTTP/1.1" 304 - "http://localhost:8081/" "Mozilla/5.0 (iPhone; CPU iPhone OS 10_3_1 like Mac OS X) AppleWebKit/603.1.30 (KHTML, like Gecko) Version/10.0 Mobile/14E304 Safari/602.1"
